{"/Users/alecprobert/color-bridge/lib/constants.ts": {"path":"/Users/alecprobert/color-bridge/lib/constants.ts","all":false,"statementMap":{"0":{"start":{"line":1,"column":0},"end":{"line":1,"column":41}},"2":{"start":{"line":3,"column":0},"end":{"line":3,"column":34}},"3":{"start":{"line":4,"column":0},"end":{"line":4,"column":26}},"4":{"start":{"line":5,"column":0},"end":{"line":5,"column":30}},"5":{"start":{"line":6,"column":0},"end":{"line":6,"column":27}},"6":{"start":{"line":7,"column":0},"end":{"line":7,"column":30}},"7":{"start":{"line":8,"column":0},"end":{"line":8,"column":29}},"8":{"start":{"line":9,"column":0},"end":{"line":9,"column":34}},"9":{"start":{"line":10,"column":0},"end":{"line":10,"column":28}},"10":{"start":{"line":11,"column":0},"end":{"line":11,"column":36}},"11":{"start":{"line":12,"column":0},"end":{"line":12,"column":34}},"12":{"start":{"line":13,"column":0},"end":{"line":13,"column":6}},"13":{"start":{"line":14,"column":0},"end":{"line":14,"column":24}},"14":{"start":{"line":15,"column":0},"end":{"line":15,"column":28}},"15":{"start":{"line":16,"column":0},"end":{"line":16,"column":29}},"16":{"start":{"line":17,"column":0},"end":{"line":17,"column":28}},"17":{"start":{"line":18,"column":0},"end":{"line":18,"column":29}},"18":{"start":{"line":19,"column":0},"end":{"line":19,"column":35}},"19":{"start":{"line":20,"column":0},"end":{"line":20,"column":29}},"20":{"start":{"line":21,"column":0},"end":{"line":21,"column":35}},"21":{"start":{"line":22,"column":0},"end":{"line":22,"column":34}},"22":{"start":{"line":23,"column":0},"end":{"line":23,"column":6}},"23":{"start":{"line":24,"column":0},"end":{"line":24,"column":23}},"24":{"start":{"line":25,"column":0},"end":{"line":25,"column":27}},"25":{"start":{"line":26,"column":0},"end":{"line":26,"column":29}},"26":{"start":{"line":27,"column":0},"end":{"line":27,"column":26}},"27":{"start":{"line":28,"column":0},"end":{"line":28,"column":28}},"28":{"start":{"line":29,"column":0},"end":{"line":29,"column":33}},"29":{"start":{"line":30,"column":0},"end":{"line":30,"column":27}},"30":{"start":{"line":31,"column":0},"end":{"line":31,"column":33}},"31":{"start":{"line":32,"column":0},"end":{"line":32,"column":33}},"32":{"start":{"line":33,"column":0},"end":{"line":33,"column":6}},"33":{"start":{"line":34,"column":0},"end":{"line":34,"column":21}},"34":{"start":{"line":35,"column":0},"end":{"line":35,"column":29}},"35":{"start":{"line":36,"column":0},"end":{"line":36,"column":27}},"36":{"start":{"line":37,"column":0},"end":{"line":37,"column":29}},"37":{"start":{"line":38,"column":0},"end":{"line":38,"column":29}},"38":{"start":{"line":39,"column":0},"end":{"line":39,"column":35}},"39":{"start":{"line":40,"column":0},"end":{"line":40,"column":28}},"40":{"start":{"line":41,"column":0},"end":{"line":41,"column":35}},"41":{"start":{"line":42,"column":0},"end":{"line":42,"column":33}},"42":{"start":{"line":43,"column":0},"end":{"line":43,"column":6}},"43":{"start":{"line":44,"column":0},"end":{"line":44,"column":25}},"44":{"start":{"line":45,"column":0},"end":{"line":45,"column":29}},"45":{"start":{"line":46,"column":0},"end":{"line":46,"column":29}},"46":{"start":{"line":47,"column":0},"end":{"line":47,"column":28}},"47":{"start":{"line":48,"column":0},"end":{"line":48,"column":30}},"48":{"start":{"line":49,"column":0},"end":{"line":49,"column":35}},"49":{"start":{"line":50,"column":0},"end":{"line":50,"column":29}},"50":{"start":{"line":51,"column":0},"end":{"line":51,"column":35}},"51":{"start":{"line":52,"column":0},"end":{"line":52,"column":35}},"52":{"start":{"line":53,"column":0},"end":{"line":53,"column":6}},"53":{"start":{"line":54,"column":0},"end":{"line":54,"column":23}},"54":{"start":{"line":55,"column":0},"end":{"line":55,"column":30}},"55":{"start":{"line":56,"column":0},"end":{"line":56,"column":27}},"56":{"start":{"line":57,"column":0},"end":{"line":57,"column":26}},"57":{"start":{"line":58,"column":0},"end":{"line":58,"column":31}},"58":{"start":{"line":59,"column":0},"end":{"line":59,"column":33}},"59":{"start":{"line":60,"column":0},"end":{"line":60,"column":27}},"60":{"start":{"line":61,"column":0},"end":{"line":61,"column":36}},"61":{"start":{"line":62,"column":0},"end":{"line":62,"column":33}},"62":{"start":{"line":63,"column":0},"end":{"line":63,"column":6}},"63":{"start":{"line":64,"column":0},"end":{"line":64,"column":23}},"64":{"start":{"line":65,"column":0},"end":{"line":65,"column":29}},"65":{"start":{"line":66,"column":0},"end":{"line":66,"column":28}},"66":{"start":{"line":67,"column":0},"end":{"line":67,"column":28}},"67":{"start":{"line":68,"column":0},"end":{"line":68,"column":30}},"68":{"start":{"line":69,"column":0},"end":{"line":69,"column":35}},"69":{"start":{"line":70,"column":0},"end":{"line":70,"column":29}},"70":{"start":{"line":71,"column":0},"end":{"line":71,"column":35}},"71":{"start":{"line":72,"column":0},"end":{"line":72,"column":35}},"72":{"start":{"line":73,"column":0},"end":{"line":73,"column":6}},"73":{"start":{"line":74,"column":0},"end":{"line":74,"column":24}},"74":{"start":{"line":75,"column":0},"end":{"line":75,"column":30}},"75":{"start":{"line":76,"column":0},"end":{"line":76,"column":30}},"76":{"start":{"line":77,"column":0},"end":{"line":77,"column":29}},"77":{"start":{"line":78,"column":0},"end":{"line":78,"column":31}},"78":{"start":{"line":79,"column":0},"end":{"line":79,"column":36}},"79":{"start":{"line":80,"column":0},"end":{"line":80,"column":30}},"80":{"start":{"line":81,"column":0},"end":{"line":81,"column":36}},"81":{"start":{"line":82,"column":0},"end":{"line":82,"column":36}},"82":{"start":{"line":83,"column":0},"end":{"line":83,"column":6}},"83":{"start":{"line":84,"column":0},"end":{"line":84,"column":24}},"84":{"start":{"line":85,"column":0},"end":{"line":85,"column":29}},"85":{"start":{"line":86,"column":0},"end":{"line":86,"column":27}},"86":{"start":{"line":87,"column":0},"end":{"line":87,"column":30}},"87":{"start":{"line":88,"column":0},"end":{"line":88,"column":29}},"88":{"start":{"line":89,"column":0},"end":{"line":89,"column":35}},"89":{"start":{"line":90,"column":0},"end":{"line":90,"column":29}},"90":{"start":{"line":91,"column":0},"end":{"line":91,"column":35}},"91":{"start":{"line":92,"column":0},"end":{"line":92,"column":35}},"92":{"start":{"line":93,"column":0},"end":{"line":93,"column":6}},"93":{"start":{"line":94,"column":0},"end":{"line":94,"column":22}},"94":{"start":{"line":95,"column":0},"end":{"line":95,"column":27}},"95":{"start":{"line":96,"column":0},"end":{"line":96,"column":29}},"96":{"start":{"line":97,"column":0},"end":{"line":97,"column":28}},"97":{"start":{"line":98,"column":0},"end":{"line":98,"column":30}},"98":{"start":{"line":99,"column":0},"end":{"line":99,"column":35}},"99":{"start":{"line":100,"column":0},"end":{"line":100,"column":29}},"100":{"start":{"line":101,"column":0},"end":{"line":101,"column":35}},"101":{"start":{"line":102,"column":0},"end":{"line":102,"column":35}},"102":{"start":{"line":103,"column":0},"end":{"line":103,"column":6}},"103":{"start":{"line":104,"column":0},"end":{"line":104,"column":27}},"104":{"start":{"line":105,"column":0},"end":{"line":105,"column":28}},"105":{"start":{"line":106,"column":0},"end":{"line":106,"column":28}},"106":{"start":{"line":107,"column":0},"end":{"line":107,"column":28}},"107":{"start":{"line":108,"column":0},"end":{"line":108,"column":29}},"108":{"start":{"line":109,"column":0},"end":{"line":109,"column":35}},"109":{"start":{"line":110,"column":0},"end":{"line":110,"column":29}},"110":{"start":{"line":111,"column":0},"end":{"line":111,"column":34}},"111":{"start":{"line":112,"column":0},"end":{"line":112,"column":34}},"112":{"start":{"line":113,"column":0},"end":{"line":113,"column":6}},"113":{"start":{"line":114,"column":0},"end":{"line":114,"column":24}},"114":{"start":{"line":115,"column":0},"end":{"line":115,"column":27}},"115":{"start":{"line":116,"column":0},"end":{"line":116,"column":30}},"116":{"start":{"line":117,"column":0},"end":{"line":117,"column":26}},"117":{"start":{"line":118,"column":0},"end":{"line":118,"column":31}},"118":{"start":{"line":119,"column":0},"end":{"line":119,"column":36}},"119":{"start":{"line":120,"column":0},"end":{"line":120,"column":27}},"120":{"start":{"line":121,"column":0},"end":{"line":121,"column":36}},"121":{"start":{"line":122,"column":0},"end":{"line":122,"column":36}},"122":{"start":{"line":123,"column":0},"end":{"line":123,"column":6}},"123":{"start":{"line":124,"column":0},"end":{"line":124,"column":25}},"124":{"start":{"line":125,"column":0},"end":{"line":125,"column":30}},"125":{"start":{"line":126,"column":0},"end":{"line":126,"column":28}},"126":{"start":{"line":127,"column":0},"end":{"line":127,"column":29}},"127":{"start":{"line":128,"column":0},"end":{"line":128,"column":29}},"128":{"start":{"line":129,"column":0},"end":{"line":129,"column":36}},"129":{"start":{"line":130,"column":0},"end":{"line":130,"column":30}},"130":{"start":{"line":131,"column":0},"end":{"line":131,"column":36}},"131":{"start":{"line":132,"column":0},"end":{"line":132,"column":34}},"132":{"start":{"line":133,"column":0},"end":{"line":133,"column":6}},"133":{"start":{"line":134,"column":0},"end":{"line":134,"column":26}},"134":{"start":{"line":135,"column":0},"end":{"line":135,"column":28}},"135":{"start":{"line":136,"column":0},"end":{"line":136,"column":28}},"136":{"start":{"line":137,"column":0},"end":{"line":137,"column":28}},"137":{"start":{"line":138,"column":0},"end":{"line":138,"column":29}},"138":{"start":{"line":139,"column":0},"end":{"line":139,"column":34}},"139":{"start":{"line":140,"column":0},"end":{"line":140,"column":29}},"140":{"start":{"line":141,"column":0},"end":{"line":141,"column":34}},"141":{"start":{"line":142,"column":0},"end":{"line":142,"column":34}},"142":{"start":{"line":143,"column":0},"end":{"line":143,"column":6}},"143":{"start":{"line":144,"column":0},"end":{"line":144,"column":27}},"144":{"start":{"line":145,"column":0},"end":{"line":145,"column":30}},"145":{"start":{"line":146,"column":0},"end":{"line":146,"column":27}},"146":{"start":{"line":147,"column":0},"end":{"line":147,"column":27}},"147":{"start":{"line":148,"column":0},"end":{"line":148,"column":29}},"148":{"start":{"line":149,"column":0},"end":{"line":149,"column":35}},"149":{"start":{"line":150,"column":0},"end":{"line":150,"column":30}},"150":{"start":{"line":151,"column":0},"end":{"line":151,"column":36}},"151":{"start":{"line":152,"column":0},"end":{"line":152,"column":36}},"152":{"start":{"line":153,"column":0},"end":{"line":153,"column":5}},"153":{"start":{"line":154,"column":0},"end":{"line":154,"column":1}},"155":{"start":{"line":156,"column":0},"end":{"line":156,"column":31}},"156":{"start":{"line":157,"column":0},"end":{"line":157,"column":31}},"157":{"start":{"line":158,"column":0},"end":{"line":158,"column":27}},"158":{"start":{"line":159,"column":0},"end":{"line":159,"column":31}},"159":{"start":{"line":160,"column":0},"end":{"line":160,"column":28}},"160":{"start":{"line":161,"column":0},"end":{"line":161,"column":28}},"161":{"start":{"line":162,"column":0},"end":{"line":162,"column":30}},"162":{"start":{"line":163,"column":0},"end":{"line":163,"column":28}},"163":{"start":{"line":164,"column":0},"end":{"line":164,"column":29}},"164":{"start":{"line":165,"column":0},"end":{"line":165,"column":29}},"165":{"start":{"line":166,"column":0},"end":{"line":166,"column":28}},"166":{"start":{"line":167,"column":0},"end":{"line":167,"column":29}},"167":{"start":{"line":168,"column":0},"end":{"line":168,"column":29}},"168":{"start":{"line":169,"column":0},"end":{"line":169,"column":29}},"169":{"start":{"line":170,"column":0},"end":{"line":170,"column":29}},"170":{"start":{"line":171,"column":0},"end":{"line":171,"column":1}}},"s":{"0":1,"2":1,"3":1,"4":1,"5":1,"6":1,"7":1,"8":1,"9":1,"10":1,"11":1,"12":1,"13":1,"14":1,"15":1,"16":1,"17":1,"18":1,"19":1,"20":1,"21":1,"22":1,"23":1,"24":1,"25":1,"26":1,"27":1,"28":1,"29":1,"30":1,"31":1,"32":1,"33":1,"34":1,"35":1,"36":1,"37":1,"38":1,"39":1,"40":1,"41":1,"42":1,"43":1,"44":1,"45":1,"46":1,"47":1,"48":1,"49":1,"50":1,"51":1,"52":1,"53":1,"54":1,"55":1,"56":1,"57":1,"58":1,"59":1,"60":1,"61":1,"62":1,"63":1,"64":1,"65":1,"66":1,"67":1,"68":1,"69":1,"70":1,"71":1,"72":1,"73":1,"74":1,"75":1,"76":1,"77":1,"78":1,"79":1,"80":1,"81":1,"82":1,"83":1,"84":1,"85":1,"86":1,"87":1,"88":1,"89":1,"90":1,"91":1,"92":1,"93":1,"94":1,"95":1,"96":1,"97":1,"98":1,"99":1,"100":1,"101":1,"102":1,"103":1,"104":1,"105":1,"106":1,"107":1,"108":1,"109":1,"110":1,"111":1,"112":1,"113":1,"114":1,"115":1,"116":1,"117":1,"118":1,"119":1,"120":1,"121":1,"122":1,"123":1,"124":1,"125":1,"126":1,"127":1,"128":1,"129":1,"130":1,"131":1,"132":1,"133":1,"134":1,"135":1,"136":1,"137":1,"138":1,"139":1,"140":1,"141":1,"142":1,"143":1,"144":1,"145":1,"146":1,"147":1,"148":1,"149":1,"150":1,"151":1,"152":1,"153":1,"155":1,"156":1,"157":1,"158":1,"159":1,"160":1,"161":1,"162":1,"163":1,"164":1,"165":1,"166":1,"167":1,"168":1,"169":1,"170":1},"branchMap":{},"b":{},"fnMap":{},"f":{}}
,"/Users/alecprobert/color-bridge/lib/main.ts": {"path":"/Users/alecprobert/color-bridge/lib/main.ts","all":false,"statementMap":{"1":{"start":{"line":2,"column":0},"end":{"line":2,"column":115}},"3":{"start":{"line":4,"column":0},"end":{"line":4,"column":51}},"5":{"start":{"line":6,"column":0},"end":{"line":6,"column":4}},"7":{"start":{"line":8,"column":0},"end":{"line":8,"column":29}},"9":{"start":{"line":10,"column":0},"end":{"line":10,"column":58}},"11":{"start":{"line":12,"column":0},"end":{"line":12,"column":69}},"12":{"start":{"line":13,"column":0},"end":{"line":13,"column":23}},"13":{"start":{"line":14,"column":0},"end":{"line":14,"column":56}},"14":{"start":{"line":15,"column":0},"end":{"line":15,"column":59}},"15":{"start":{"line":16,"column":0},"end":{"line":16,"column":9}},"16":{"start":{"line":17,"column":0},"end":{"line":17,"column":58}},"17":{"start":{"line":18,"column":0},"end":{"line":18,"column":58}},"18":{"start":{"line":19,"column":0},"end":{"line":19,"column":9}},"19":{"start":{"line":20,"column":0},"end":{"line":20,"column":19}},"20":{"start":{"line":21,"column":0},"end":{"line":21,"column":7}},"22":{"start":{"line":23,"column":0},"end":{"line":23,"column":12}},"23":{"start":{"line":24,"column":0},"end":{"line":24,"column":16}},"24":{"start":{"line":25,"column":0},"end":{"line":25,"column":19}},"25":{"start":{"line":26,"column":0},"end":{"line":26,"column":5}},"26":{"start":{"line":27,"column":0},"end":{"line":27,"column":1}}},"s":{"1":1,"3":1,"5":1,"7":1,"9":1,"11":1,"12":15,"13":15,"14":135,"15":135,"16":15,"17":120,"18":120,"19":15,"20":1,"22":1,"23":1,"24":1,"25":1,"26":1},"branchMap":{"0":{"type":"branch","line":4,"loc":{"start":{"line":4,"column":0},"end":{"line":27,"column":1}},"locations":[{"start":{"line":4,"column":0},"end":{"line":27,"column":1}}]},"1":{"type":"branch","line":12,"loc":{"start":{"line":12,"column":54},"end":{"line":21,"column":5}},"locations":[{"start":{"line":12,"column":54},"end":{"line":21,"column":5}}]},"2":{"type":"branch","line":14,"loc":{"start":{"line":14,"column":55},"end":{"line":16,"column":9}},"locations":[{"start":{"line":14,"column":55},"end":{"line":16,"column":9}}]},"3":{"type":"branch","line":17,"loc":{"start":{"line":17,"column":57},"end":{"line":19,"column":9}},"locations":[{"start":{"line":17,"column":57},"end":{"line":19,"column":9}}]}},"b":{"0":[1],"1":[15],"2":[135],"3":[120]},"fnMap":{"0":{"name":"colorBridge","decl":{"start":{"line":4,"column":0},"end":{"line":27,"column":1}},"loc":{"start":{"line":4,"column":0},"end":{"line":27,"column":1}},"line":4}},"f":{"0":1}}
,"/Users/alecprobert/color-bridge/lib/types.ts": {"path":"/Users/alecprobert/color-bridge/lib/types.ts","all":false,"statementMap":{"0":{"start":{"line":1,"column":0},"end":{"line":1,"column":21}},"1":{"start":{"line":2,"column":0},"end":{"line":2,"column":24}},"2":{"start":{"line":3,"column":0},"end":{"line":3,"column":24}},"3":{"start":{"line":4,"column":0},"end":{"line":4,"column":22}},"4":{"start":{"line":5,"column":0},"end":{"line":5,"column":26}},"5":{"start":{"line":6,"column":0},"end":{"line":6,"column":37}},"6":{"start":{"line":7,"column":0},"end":{"line":7,"column":37}},"7":{"start":{"line":8,"column":0},"end":{"line":8,"column":39}},"8":{"start":{"line":9,"column":0},"end":{"line":9,"column":24}},"11":{"start":{"line":12,"column":0},"end":{"line":12,"column":21}},"12":{"start":{"line":13,"column":0},"end":{"line":13,"column":24}},"13":{"start":{"line":14,"column":0},"end":{"line":14,"column":22}},"14":{"start":{"line":15,"column":0},"end":{"line":15,"column":22}},"15":{"start":{"line":16,"column":0},"end":{"line":16,"column":20}},"16":{"start":{"line":17,"column":0},"end":{"line":17,"column":22}},"17":{"start":{"line":18,"column":0},"end":{"line":18,"column":28}},"18":{"start":{"line":19,"column":0},"end":{"line":19,"column":30}},"19":{"start":{"line":20,"column":0},"end":{"line":20,"column":18}},"20":{"start":{"line":21,"column":0},"end":{"line":21,"column":26}},"21":{"start":{"line":22,"column":0},"end":{"line":22,"column":30}},"22":{"start":{"line":23,"column":0},"end":{"line":23,"column":26}},"23":{"start":{"line":24,"column":0},"end":{"line":24,"column":24}},"24":{"start":{"line":25,"column":0},"end":{"line":25,"column":28}},"25":{"start":{"line":26,"column":0},"end":{"line":26,"column":24}},"26":{"start":{"line":27,"column":0},"end":{"line":27,"column":24}},"29":{"start":{"line":30,"column":0},"end":{"line":30,"column":19}},"30":{"start":{"line":31,"column":0},"end":{"line":31,"column":22}},"31":{"start":{"line":32,"column":0},"end":{"line":32,"column":16}},"32":{"start":{"line":33,"column":0},"end":{"line":33,"column":24}},"33":{"start":{"line":34,"column":0},"end":{"line":34,"column":18}},"34":{"start":{"line":35,"column":0},"end":{"line":35,"column":18}},"35":{"start":{"line":36,"column":0},"end":{"line":36,"column":22}},"36":{"start":{"line":37,"column":0},"end":{"line":37,"column":18}},"37":{"start":{"line":38,"column":0},"end":{"line":38,"column":20}},"38":{"start":{"line":39,"column":0},"end":{"line":39,"column":20}},"39":{"start":{"line":40,"column":0},"end":{"line":40,"column":18}},"40":{"start":{"line":41,"column":0},"end":{"line":41,"column":20}},"41":{"start":{"line":42,"column":0},"end":{"line":42,"column":20}},"42":{"start":{"line":43,"column":0},"end":{"line":43,"column":20}},"43":{"start":{"line":44,"column":0},"end":{"line":44,"column":21}}},"s":{"0":1,"1":1,"2":1,"3":1,"4":1,"5":1,"6":1,"7":1,"8":1,"11":1,"12":1,"13":1,"14":1,"15":1,"16":1,"17":1,"18":1,"19":1,"20":1,"21":1,"22":1,"23":1,"24":1,"25":1,"26":1,"29":1,"30":1,"31":1,"32":1,"33":1,"34":1,"35":1,"36":1,"37":1,"38":1,"39":1,"40":1,"41":1,"42":1,"43":1},"branchMap":{"0":{"type":"branch","line":1,"loc":{"start":{"line":1,"column":7},"end":{"line":1,"column":21}},"locations":[{"start":{"line":1,"column":7},"end":{"line":1,"column":21}}]},"1":{"type":"branch","line":12,"loc":{"start":{"line":12,"column":7},"end":{"line":12,"column":21}},"locations":[{"start":{"line":12,"column":7},"end":{"line":12,"column":21}}]},"2":{"type":"branch","line":30,"loc":{"start":{"line":30,"column":7},"end":{"line":30,"column":19}},"locations":[{"start":{"line":30,"column":7},"end":{"line":30,"column":19}}]}},"b":{"0":[2],"1":[2],"2":[2]},"fnMap":{},"f":{}}
,"/Users/alecprobert/color-bridge/lib/utils.ts": {"path":"/Users/alecprobert/color-bridge/lib/utils.ts","all":false,"statementMap":{"0":{"start":{"line":1,"column":0},"end":{"line":1,"column":64}},"1":{"start":{"line":2,"column":0},"end":{"line":2,"column":68}},"3":{"start":{"line":4,"column":0},"end":{"line":4,"column":52}},"4":{"start":{"line":5,"column":0},"end":{"line":5,"column":72}},"5":{"start":{"line":6,"column":0},"end":{"line":6,"column":67}},"6":{"start":{"line":7,"column":0},"end":{"line":7,"column":25}},"7":{"start":{"line":8,"column":0},"end":{"line":8,"column":5}},"9":{"start":{"line":10,"column":0},"end":{"line":10,"column":49}},"11":{"start":{"line":12,"column":0},"end":{"line":12,"column":29}},"12":{"start":{"line":13,"column":0},"end":{"line":13,"column":57}},"13":{"start":{"line":14,"column":0},"end":{"line":14,"column":5}},"15":{"start":{"line":16,"column":0},"end":{"line":16,"column":50}},"16":{"start":{"line":17,"column":0},"end":{"line":17,"column":50}},"17":{"start":{"line":18,"column":0},"end":{"line":18,"column":50}},"19":{"start":{"line":20,"column":0},"end":{"line":20,"column":61}},"20":{"start":{"line":21,"column":0},"end":{"line":21,"column":61}},"21":{"start":{"line":22,"column":0},"end":{"line":22,"column":61}},"23":{"start":{"line":24,"column":0},"end":{"line":24,"column":174}},"25":{"start":{"line":26,"column":0},"end":{"line":26,"column":29}},"26":{"start":{"line":27,"column":0},"end":{"line":27,"column":44}},"27":{"start":{"line":28,"column":0},"end":{"line":28,"column":34}},"28":{"start":{"line":29,"column":0},"end":{"line":29,"column":5}},"29":{"start":{"line":30,"column":0},"end":{"line":30,"column":22}},"30":{"start":{"line":31,"column":0},"end":{"line":31,"column":1}},"32":{"start":{"line":33,"column":0},"end":{"line":33,"column":51}},"33":{"start":{"line":34,"column":0},"end":{"line":34,"column":72}},"34":{"start":{"line":35,"column":0},"end":{"line":35,"column":65}},"35":{"start":{"line":36,"column":0},"end":{"line":36,"column":25}},"36":{"start":{"line":37,"column":0},"end":{"line":37,"column":5}},"38":{"start":{"line":39,"column":0},"end":{"line":39,"column":49}},"40":{"start":{"line":41,"column":0},"end":{"line":41,"column":29}},"41":{"start":{"line":42,"column":0},"end":{"line":42,"column":57}},"42":{"start":{"line":43,"column":0},"end":{"line":43,"column":5}},"44":{"start":{"line":45,"column":0},"end":{"line":45,"column":50}},"45":{"start":{"line":46,"column":0},"end":{"line":46,"column":50}},"46":{"start":{"line":47,"column":0},"end":{"line":47,"column":50}},"48":{"start":{"line":49,"column":0},"end":{"line":49,"column":51}},"49":{"start":{"line":50,"column":0},"end":{"line":50,"column":51}},"50":{"start":{"line":51,"column":0},"end":{"line":51,"column":51}},"52":{"start":{"line":53,"column":0},"end":{"line":53,"column":173}},"54":{"start":{"line":55,"column":0},"end":{"line":55,"column":29}},"55":{"start":{"line":56,"column":0},"end":{"line":56,"column":44}},"56":{"start":{"line":57,"column":0},"end":{"line":57,"column":33}},"57":{"start":{"line":58,"column":0},"end":{"line":58,"column":5}},"59":{"start":{"line":60,"column":0},"end":{"line":60,"column":21}},"60":{"start":{"line":61,"column":0},"end":{"line":61,"column":1}},"62":{"start":{"line":63,"column":0},"end":{"line":63,"column":45}},"64":{"start":{"line":65,"column":0},"end":{"line":65,"column":102}},"65":{"start":{"line":66,"column":0},"end":{"line":66,"column":95}},"67":{"start":{"line":68,"column":0},"end":{"line":68,"column":40}},"68":{"start":{"line":69,"column":0},"end":{"line":69,"column":45}},"69":{"start":{"line":70,"column":0},"end":{"line":70,"column":45}},"70":{"start":{"line":71,"column":0},"end":{"line":71,"column":45}},"71":{"start":{"line":72,"column":0},"end":{"line":72,"column":7}},"73":{"start":{"line":74,"column":0},"end":{"line":74,"column":75}},"74":{"start":{"line":75,"column":0},"end":{"line":75,"column":17}},"75":{"start":{"line":76,"column":0},"end":{"line":76,"column":17}},"76":{"start":{"line":77,"column":0},"end":{"line":77,"column":17}},"77":{"start":{"line":78,"column":0},"end":{"line":78,"column":38}},"78":{"start":{"line":79,"column":0},"end":{"line":79,"column":38}},"79":{"start":{"line":80,"column":0},"end":{"line":80,"column":58}},"81":{"start":{"line":82,"column":0},"end":{"line":82,"column":26}},"82":{"start":{"line":83,"column":0},"end":{"line":83,"column":22}},"83":{"start":{"line":84,"column":0},"end":{"line":84,"column":16}},"84":{"start":{"line":85,"column":0},"end":{"line":85,"column":32}},"85":{"start":{"line":86,"column":0},"end":{"line":86,"column":64}},"86":{"start":{"line":87,"column":0},"end":{"line":87,"column":26}},"87":{"start":{"line":88,"column":0},"end":{"line":88,"column":65}},"88":{"start":{"line":89,"column":0},"end":{"line":89,"column":51}},"89":{"start":{"line":90,"column":0},"end":{"line":90,"column":51}},"90":{"start":{"line":91,"column":0},"end":{"line":91,"column":13}},"91":{"start":{"line":92,"column":0},"end":{"line":92,"column":19}},"92":{"start":{"line":93,"column":0},"end":{"line":93,"column":9}},"93":{"start":{"line":94,"column":0},"end":{"line":94,"column":27}},"94":{"start":{"line":95,"column":0},"end":{"line":95,"column":6}},"96":{"start":{"line":97,"column":0},"end":{"line":97,"column":75}},"97":{"start":{"line":98,"column":0},"end":{"line":98,"column":44}},"99":{"start":{"line":100,"column":0},"end":{"line":100,"column":22}},"100":{"start":{"line":101,"column":0},"end":{"line":101,"column":26}},"101":{"start":{"line":102,"column":0},"end":{"line":102,"column":16}},"102":{"start":{"line":103,"column":0},"end":{"line":103,"column":66}},"103":{"start":{"line":104,"column":0},"end":{"line":104,"column":34}},"104":{"start":{"line":105,"column":0},"end":{"line":105,"column":34}},"105":{"start":{"line":106,"column":0},"end":{"line":106,"column":58}},"106":{"start":{"line":107,"column":0},"end":{"line":107,"column":40}},"107":{"start":{"line":108,"column":0},"end":{"line":108,"column":68}},"108":{"start":{"line":109,"column":0},"end":{"line":109,"column":25}},"109":{"start":{"line":110,"column":0},"end":{"line":110,"column":14}},"111":{"start":{"line":112,"column":0},"end":{"line":112,"column":60}},"112":{"start":{"line":113,"column":0},"end":{"line":113,"column":32}},"113":{"start":{"line":114,"column":0},"end":{"line":114,"column":41}},"114":{"start":{"line":115,"column":0},"end":{"line":115,"column":33}},"115":{"start":{"line":116,"column":0},"end":{"line":116,"column":41}},"116":{"start":{"line":117,"column":0},"end":{"line":117,"column":9}},"118":{"start":{"line":119,"column":0},"end":{"line":119,"column":16}},"119":{"start":{"line":120,"column":0},"end":{"line":120,"column":35}},"120":{"start":{"line":121,"column":0},"end":{"line":121,"column":35}},"121":{"start":{"line":122,"column":0},"end":{"line":122,"column":35}},"122":{"start":{"line":123,"column":0},"end":{"line":123,"column":10}},"123":{"start":{"line":124,"column":0},"end":{"line":124,"column":6}},"125":{"start":{"line":126,"column":0},"end":{"line":126,"column":53}},"126":{"start":{"line":127,"column":0},"end":{"line":127,"column":40}},"127":{"start":{"line":128,"column":0},"end":{"line":128,"column":31}},"128":{"start":{"line":129,"column":0},"end":{"line":129,"column":38}},"130":{"start":{"line":131,"column":0},"end":{"line":131,"column":47}},"131":{"start":{"line":132,"column":0},"end":{"line":132,"column":135}},"134":{"start":{"line":135,"column":0},"end":{"line":135,"column":50}},"135":{"start":{"line":136,"column":0},"end":{"line":136,"column":1}},"137":{"start":{"line":138,"column":0},"end":{"line":138,"column":51}},"138":{"start":{"line":139,"column":0},"end":{"line":139,"column":84}},"139":{"start":{"line":140,"column":0},"end":{"line":140,"column":1}},"141":{"start":{"line":142,"column":0},"end":{"line":142,"column":75}},"142":{"start":{"line":143,"column":0},"end":{"line":143,"column":52}},"144":{"start":{"line":145,"column":0},"end":{"line":145,"column":45}},"145":{"start":{"line":146,"column":0},"end":{"line":146,"column":19}},"146":{"start":{"line":147,"column":0},"end":{"line":147,"column":37}},"147":{"start":{"line":148,"column":0},"end":{"line":148,"column":1}},"149":{"start":{"line":150,"column":0},"end":{"line":150,"column":78}},"150":{"start":{"line":151,"column":0},"end":{"line":151,"column":83}},"151":{"start":{"line":152,"column":0},"end":{"line":152,"column":16}},"152":{"start":{"line":153,"column":0},"end":{"line":153,"column":20}},"153":{"start":{"line":154,"column":0},"end":{"line":154,"column":54}},"154":{"start":{"line":155,"column":0},"end":{"line":155,"column":9}},"155":{"start":{"line":156,"column":0},"end":{"line":156,"column":6}},"156":{"start":{"line":157,"column":0},"end":{"line":157,"column":46}},"157":{"start":{"line":158,"column":0},"end":{"line":158,"column":1}},"159":{"start":{"line":160,"column":0},"end":{"line":160,"column":59}},"160":{"start":{"line":161,"column":0},"end":{"line":161,"column":69}},"161":{"start":{"line":162,"column":0},"end":{"line":162,"column":192}},"162":{"start":{"line":163,"column":0},"end":{"line":163,"column":5}},"163":{"start":{"line":164,"column":0},"end":{"line":164,"column":1}},"165":{"start":{"line":166,"column":0},"end":{"line":166,"column":105}},"166":{"start":{"line":167,"column":0},"end":{"line":167,"column":63}},"167":{"start":{"line":168,"column":0},"end":{"line":168,"column":40}},"168":{"start":{"line":169,"column":0},"end":{"line":169,"column":19}},"169":{"start":{"line":170,"column":0},"end":{"line":170,"column":11}},"170":{"start":{"line":171,"column":0},"end":{"line":171,"column":1}}},"s":{"0":1,"1":1,"3":1,"4":275,"5":1,"6":1,"7":1,"9":274,"11":275,"12":1,"13":1,"15":274,"16":274,"17":274,"19":274,"20":274,"21":274,"23":274,"25":275,"26":1,"27":1,"28":1,"29":273,"30":273,"32":1,"33":245,"34":1,"35":1,"36":1,"38":244,"40":245,"41":1,"42":1,"44":244,"45":244,"46":244,"48":244,"49":244,"50":244,"52":244,"54":245,"55":1,"56":1,"57":1,"59":243,"60":243,"62":1,"64":27,"65":27,"67":27,"68":27,"69":27,"70":27,"71":27,"73":27,"74":27,"75":27,"76":27,"77":27,"78":27,"79":27,"81":27,"82":4,"83":27,"84":23,"85":23,"86":23,"87":23,"88":23,"89":23,"90":23,"91":23,"92":23,"93":27,"94":27,"96":27,"97":27,"99":27,"100":4,"101":27,"102":23,"103":69,"104":69,"105":69,"106":69,"107":69,"108":23,"109":69,"111":23,"112":23,"113":23,"114":23,"115":23,"116":23,"118":27,"119":27,"120":27,"121":27,"122":27,"123":27,"125":27,"126":27,"127":27,"128":27,"130":27,"131":27,"134":27,"135":27,"137":1,"138":14,"139":14,"141":2,"142":2,"144":30,"145":30,"146":2,"147":2,"149":1,"150":2,"151":30,"152":30,"153":30,"154":30,"155":2,"156":2,"157":2,"159":1,"160":10,"161":1,"162":1,"163":10,"165":1,"166":1,"167":15,"168":15,"169":1,"170":1},"branchMap":{"0":{"type":"branch","line":4,"loc":{"start":{"line":4,"column":7},"end":{"line":31,"column":1}},"locations":[{"start":{"line":4,"column":7},"end":{"line":31,"column":1}}]},"1":{"type":"branch","line":5,"loc":{"start":{"line":5,"column":71},"end":{"line":8,"column":5}},"locations":[{"start":{"line":5,"column":71},"end":{"line":8,"column":5}}]},"2":{"type":"branch","line":8,"loc":{"start":{"line":8,"column":4},"end":{"line":12,"column":28}},"locations":[{"start":{"line":8,"column":4},"end":{"line":12,"column":28}}]},"3":{"type":"branch","line":12,"loc":{"start":{"line":12,"column":28},"end":{"line":14,"column":5}},"locations":[{"start":{"line":12,"column":28},"end":{"line":14,"column":5}}]},"4":{"type":"branch","line":14,"loc":{"start":{"line":14,"column":4},"end":{"line":26,"column":28}},"locations":[{"start":{"line":14,"column":4},"end":{"line":26,"column":28}}]},"5":{"type":"branch","line":26,"loc":{"start":{"line":26,"column":28},"end":{"line":29,"column":5}},"locations":[{"start":{"line":26,"column":28},"end":{"line":29,"column":5}}]},"6":{"type":"branch","line":29,"loc":{"start":{"line":29,"column":4},"end":{"line":31,"column":1}},"locations":[{"start":{"line":29,"column":4},"end":{"line":31,"column":1}}]},"7":{"type":"branch","line":13,"loc":{"start":{"line":13,"column":36},"end":{"line":13,"column":46}},"locations":[{"start":{"line":13,"column":36},"end":{"line":13,"column":46}}]},"8":{"type":"branch","line":33,"loc":{"start":{"line":33,"column":7},"end":{"line":61,"column":1}},"locations":[{"start":{"line":33,"column":7},"end":{"line":61,"column":1}}]},"9":{"type":"branch","line":34,"loc":{"start":{"line":34,"column":71},"end":{"line":37,"column":5}},"locations":[{"start":{"line":34,"column":71},"end":{"line":37,"column":5}}]},"10":{"type":"branch","line":37,"loc":{"start":{"line":37,"column":4},"end":{"line":41,"column":28}},"locations":[{"start":{"line":37,"column":4},"end":{"line":41,"column":28}}]},"11":{"type":"branch","line":41,"loc":{"start":{"line":41,"column":28},"end":{"line":43,"column":5}},"locations":[{"start":{"line":41,"column":28},"end":{"line":43,"column":5}}]},"12":{"type":"branch","line":43,"loc":{"start":{"line":43,"column":4},"end":{"line":55,"column":28}},"locations":[{"start":{"line":43,"column":4},"end":{"line":55,"column":28}}]},"13":{"type":"branch","line":55,"loc":{"start":{"line":55,"column":28},"end":{"line":58,"column":5}},"locations":[{"start":{"line":55,"column":28},"end":{"line":58,"column":5}}]},"14":{"type":"branch","line":58,"loc":{"start":{"line":58,"column":4},"end":{"line":61,"column":1}},"locations":[{"start":{"line":58,"column":4},"end":{"line":61,"column":1}}]},"15":{"type":"branch","line":42,"loc":{"start":{"line":42,"column":36},"end":{"line":42,"column":46}},"locations":[{"start":{"line":42,"column":36},"end":{"line":42,"column":46}}]},"16":{"type":"branch","line":63,"loc":{"start":{"line":63,"column":7},"end":{"line":136,"column":1}},"locations":[{"start":{"line":63,"column":7},"end":{"line":136,"column":1}}]},"17":{"type":"branch","line":65,"loc":{"start":{"line":65,"column":48},"end":{"line":65,"column":86}},"locations":[{"start":{"line":65,"column":48},"end":{"line":65,"column":86}}]},"18":{"type":"branch","line":65,"loc":{"start":{"line":65,"column":82},"end":{"line":65,"column":102}},"locations":[{"start":{"line":65,"column":82},"end":{"line":65,"column":102}}]},"19":{"type":"branch","line":66,"loc":{"start":{"line":66,"column":52},"end":{"line":66,"column":90}},"locations":[{"start":{"line":66,"column":52},"end":{"line":66,"column":90}}]},"20":{"type":"branch","line":66,"loc":{"start":{"line":66,"column":86},"end":{"line":66,"column":95}},"locations":[{"start":{"line":66,"column":86},"end":{"line":66,"column":95}}]},"21":{"type":"branch","line":126,"loc":{"start":{"line":126,"column":30},"end":{"line":126,"column":51}},"locations":[{"start":{"line":126,"column":30},"end":{"line":126,"column":51}}]},"22":{"type":"branch","line":135,"loc":{"start":{"line":135,"column":30},"end":{"line":135,"column":50}},"locations":[{"start":{"line":135,"column":30},"end":{"line":135,"column":50}}]},"23":{"type":"branch","line":68,"loc":{"start":{"line":68,"column":21},"end":{"line":72,"column":7}},"locations":[{"start":{"line":68,"column":21},"end":{"line":72,"column":7}}]},"24":{"type":"branch","line":74,"loc":{"start":{"line":74,"column":21},"end":{"line":95,"column":6}},"locations":[{"start":{"line":74,"column":21},"end":{"line":95,"column":6}}]},"25":{"type":"branch","line":82,"loc":{"start":{"line":82,"column":25},"end":{"line":84,"column":15}},"locations":[{"start":{"line":82,"column":25},"end":{"line":84,"column":15}}]},"26":{"type":"branch","line":84,"loc":{"start":{"line":84,"column":8},"end":{"line":93,"column":9}},"locations":[{"start":{"line":84,"column":8},"end":{"line":93,"column":9}}]},"27":{"type":"branch","line":86,"loc":{"start":{"line":86,"column":20},"end":{"line":86,"column":48}},"locations":[{"start":{"line":86,"column":20},"end":{"line":86,"column":48}}]},"28":{"type":"branch","line":86,"loc":{"start":{"line":86,"column":41},"end":{"line":86,"column":64}},"locations":[{"start":{"line":86,"column":41},"end":{"line":86,"column":64}}]},"29":{"type":"branch","line":88,"loc":{"start":{"line":88,"column":16},"end":{"line":88,"column":65}},"locations":[{"start":{"line":88,"column":16},"end":{"line":88,"column":65}}]},"30":{"type":"branch","line":88,"loc":{"start":{"line":88,"column":47},"end":{"line":88,"column":55}},"locations":[{"start":{"line":88,"column":47},"end":{"line":88,"column":55}}]},"31":{"type":"branch","line":88,"loc":{"start":{"line":88,"column":51},"end":{"line":88,"column":59}},"locations":[{"start":{"line":88,"column":51},"end":{"line":88,"column":59}}]},"32":{"type":"branch","line":89,"loc":{"start":{"line":89,"column":16},"end":{"line":89,"column":51}},"locations":[{"start":{"line":89,"column":16},"end":{"line":89,"column":51}}]},"33":{"type":"branch","line":90,"loc":{"start":{"line":90,"column":16},"end":{"line":90,"column":51}},"locations":[{"start":{"line":90,"column":16},"end":{"line":90,"column":51}}]},"34":{"type":"branch","line":97,"loc":{"start":{"line":97,"column":21},"end":{"line":124,"column":6}},"locations":[{"start":{"line":97,"column":21},"end":{"line":124,"column":6}}]},"35":{"type":"branch","line":100,"loc":{"start":{"line":100,"column":21},"end":{"line":102,"column":15}},"locations":[{"start":{"line":100,"column":21},"end":{"line":102,"column":15}}]},"36":{"type":"branch","line":102,"loc":{"start":{"line":102,"column":8},"end":{"line":117,"column":9}},"locations":[{"start":{"line":102,"column":8},"end":{"line":117,"column":9}}]},"37":{"type":"branch","line":112,"loc":{"start":{"line":112,"column":26},"end":{"line":112,"column":46}},"locations":[{"start":{"line":112,"column":26},"end":{"line":112,"column":46}}]},"38":{"type":"branch","line":112,"loc":{"start":{"line":112,"column":41},"end":{"line":112,"column":60}},"locations":[{"start":{"line":112,"column":41},"end":{"line":112,"column":60}}]},"39":{"type":"branch","line":103,"loc":{"start":{"line":103,"column":28},"end":{"line":110,"column":14}},"locations":[{"start":{"line":103,"column":28},"end":{"line":110,"column":14}}]},"40":{"type":"branch","line":104,"loc":{"start":{"line":104,"column":27},"end":{"line":104,"column":34}},"locations":[{"start":{"line":104,"column":27},"end":{"line":104,"column":34}}]},"41":{"type":"branch","line":105,"loc":{"start":{"line":105,"column":27},"end":{"line":105,"column":34}},"locations":[{"start":{"line":105,"column":27},"end":{"line":105,"column":34}}]},"42":{"type":"branch","line":106,"loc":{"start":{"line":106,"column":31},"end":{"line":106,"column":58}},"locations":[{"start":{"line":106,"column":31},"end":{"line":106,"column":58}}]},"43":{"type":"branch","line":106,"loc":{"start":{"line":106,"column":56},"end":{"line":107,"column":38}},"locations":[{"start":{"line":106,"column":56},"end":{"line":107,"column":38}}]},"44":{"type":"branch","line":107,"loc":{"start":{"line":107,"column":31},"end":{"line":107,"column":40}},"locations":[{"start":{"line":107,"column":31},"end":{"line":107,"column":40}}]},"45":{"type":"branch","line":107,"loc":{"start":{"line":107,"column":38},"end":{"line":108,"column":38}},"locations":[{"start":{"line":107,"column":38},"end":{"line":108,"column":38}}]},"46":{"type":"branch","line":108,"loc":{"start":{"line":108,"column":31},"end":{"line":108,"column":68}},"locations":[{"start":{"line":108,"column":31},"end":{"line":108,"column":68}}]},"47":{"type":"branch","line":108,"loc":{"start":{"line":108,"column":66},"end":{"line":109,"column":25}},"locations":[{"start":{"line":108,"column":66},"end":{"line":109,"column":25}}]},"48":{"type":"branch","line":138,"loc":{"start":{"line":138,"column":7},"end":{"line":140,"column":1}},"locations":[{"start":{"line":138,"column":7},"end":{"line":140,"column":1}}]},"49":{"type":"branch","line":139,"loc":{"start":{"line":139,"column":41},"end":{"line":139,"column":75}},"locations":[{"start":{"line":139,"column":41},"end":{"line":139,"column":75}}]},"50":{"type":"branch","line":142,"loc":{"start":{"line":142,"column":0},"end":{"line":148,"column":1}},"locations":[{"start":{"line":142,"column":0},"end":{"line":148,"column":1}}]},"51":{"type":"branch","line":143,"loc":{"start":{"line":143,"column":22},"end":{"line":147,"column":7}},"locations":[{"start":{"line":143,"column":22},"end":{"line":147,"column":7}}]},"52":{"type":"branch","line":150,"loc":{"start":{"line":150,"column":7},"end":{"line":158,"column":1}},"locations":[{"start":{"line":150,"column":7},"end":{"line":158,"column":1}}]},"53":{"type":"branch","line":151,"loc":{"start":{"line":151,"column":60},"end":{"line":156,"column":5}},"locations":[{"start":{"line":151,"column":60},"end":{"line":156,"column":5}}]},"54":{"type":"branch","line":160,"loc":{"start":{"line":160,"column":7},"end":{"line":164,"column":1}},"locations":[{"start":{"line":160,"column":7},"end":{"line":164,"column":1}}]},"55":{"type":"branch","line":161,"loc":{"start":{"line":161,"column":68},"end":{"line":163,"column":5}},"locations":[{"start":{"line":161,"column":68},"end":{"line":163,"column":5}}]},"56":{"type":"branch","line":166,"loc":{"start":{"line":166,"column":7},"end":{"line":171,"column":1}},"locations":[{"start":{"line":166,"column":7},"end":{"line":171,"column":1}}]},"57":{"type":"branch","line":167,"loc":{"start":{"line":167,"column":35},"end":{"line":170,"column":7}},"locations":[{"start":{"line":167,"column":35},"end":{"line":170,"column":7}}]}},"b":{"0":[275],"1":[1],"2":[274],"3":[1],"4":[274],"5":[1],"6":[273],"7":[3],"8":[245],"9":[1],"10":[244],"11":[1],"12":[244],"13":[1],"14":[243],"15":[3],"16":[27],"17":[3],"18":[24],"19":[3],"20":[24],"21":[1],"22":[24],"23":[27],"24":[27],"25":[4],"26":[23],"27":[12],"28":[11],"29":[10],"30":[3],"31":[7],"32":[6],"33":[6],"34":[27],"35":[4],"36":[23],"37":[1],"38":[22],"39":[69],"40":[9],"41":[6],"42":[10],"43":[59],"44":[23],"45":[36],"46":[13],"47":[23],"48":[14],"49":[126],"50":[2],"51":[30],"52":[2],"53":[30],"54":[10],"55":[1],"56":[1],"57":[15]},"fnMap":{"0":{"name":"lightenHexColor","decl":{"start":{"line":4,"column":7},"end":{"line":31,"column":1}},"loc":{"start":{"line":4,"column":7},"end":{"line":31,"column":1}},"line":4},"1":{"name":"darkenHexColor","decl":{"start":{"line":33,"column":7},"end":{"line":61,"column":1}},"loc":{"start":{"line":33,"column":7},"end":{"line":61,"column":1}},"line":33},"2":{"name":"shiftHue","decl":{"start":{"line":63,"column":7},"end":{"line":136,"column":1}},"loc":{"start":{"line":63,"column":7},"end":{"line":136,"column":1}},"line":63},"3":{"name":"hexToRgb","decl":{"start":{"line":68,"column":21},"end":{"line":72,"column":7}},"loc":{"start":{"line":68,"column":21},"end":{"line":72,"column":7}},"line":68},"4":{"name":"rgbToHsl","decl":{"start":{"line":74,"column":21},"end":{"line":95,"column":6}},"loc":{"start":{"line":74,"column":21},"end":{"line":95,"column":6}},"line":74},"5":{"name":"hslToRgb","decl":{"start":{"line":97,"column":21},"end":{"line":124,"column":6}},"loc":{"start":{"line":97,"column":21},"end":{"line":124,"column":6}},"line":97},"6":{"name":"hue2rgb","decl":{"start":{"line":103,"column":28},"end":{"line":110,"column":14}},"loc":{"start":{"line":103,"column":28},"end":{"line":110,"column":14}},"line":103},"7":{"name":"enumToArray","decl":{"start":{"line":138,"column":7},"end":{"line":140,"column":1}},"loc":{"start":{"line":138,"column":7},"end":{"line":140,"column":1}},"line":138},"8":{"name":"mapFeelingsToColors","decl":{"start":{"line":142,"column":0},"end":{"line":148,"column":1}},"loc":{"start":{"line":142,"column":0},"end":{"line":148,"column":1}},"line":142},"9":{"name":"getDefaultPalette","decl":{"start":{"line":150,"column":7},"end":{"line":158,"column":1}},"loc":{"start":{"line":150,"column":7},"end":{"line":158,"column":1}},"line":150},"10":{"name":"validateCulture","decl":{"start":{"line":160,"column":7},"end":{"line":164,"column":1}},"loc":{"start":{"line":160,"column":7},"end":{"line":164,"column":1}},"line":160},"11":{"name":"mapObjectColorValues","decl":{"start":{"line":166,"column":7},"end":{"line":171,"column":1}},"loc":{"start":{"line":166,"column":7},"end":{"line":171,"column":1}},"line":166}},"f":{"0":275,"1":245,"2":27,"3":27,"4":27,"5":27,"6":69,"7":14,"8":2,"9":2,"10":10,"11":1}}
,"/Users/alecprobert/color-bridge/src/main.ts": {"path":"/Users/alecprobert/color-bridge/src/main.ts","all":true,"statementMap":{"1":{"start":{"line":2,"column":0},"end":{"line":2,"column":61}}},"s":{"1":0},"branchMap":{"0":{"type":"branch","line":1,"loc":{"start":{"line":1,"column":98},"end":{"line":6,"column":1}},"locations":[{"start":{"line":1,"column":98},"end":{"line":6,"column":1}}]}},"b":{"0":[1]},"fnMap":{"0":{"name":"(empty-report)","decl":{"start":{"line":1,"column":98},"end":{"line":6,"column":1}},"loc":{"start":{"line":1,"column":98},"end":{"line":6,"column":1}},"line":1}},"f":{"0":1}}
}
